<?xml version="1.0" encoding="UTF-8"?>
<testng-results ignored="0" total="1" passed="1" failed="0" skipped="0">
  <reporter-output>
  </reporter-output>
  <suite started-at="2025-12-19T19:01:41 IST" name="Default suite" finished-at="2025-12-19T19:01:48 IST" duration-ms="6463">
    <groups>
    </groups>
    <test started-at="2025-12-19T19:01:41 IST" name="Default test" finished-at="2025-12-19T19:01:48 IST" duration-ms="6463">
      <class name="com.cosmocode.io.Cosmocode_Demo">
        <test-method is-config="true" signature="setup()[pri:0, instance:com.cosmocode.io.Cosmocode_Demo@b2c9a9c]" started-at="2025-12-19T19:01:41 IST" name="setup" finished-at="2025-12-19T19:01:43 IST" duration-ms="2150" status="PASS">
          <reporter-output>
          </reporter-output>
        </test-method> <!-- setup -->
        <test-method is-config="true" signature="setURL()[pri:0, instance:com.cosmocode.io.Cosmocode_Demo@b2c9a9c]" started-at="2025-12-19T19:01:43 IST" name="setURL" finished-at="2025-12-19T19:01:48 IST" duration-ms="4080" status="PASS">
          <reporter-output>
          </reporter-output>
        </test-method> <!-- setURL -->
        <test-method signature="selectIndiaCheckBox()[pri:0, instance:com.cosmocode.io.Cosmocode_Demo@b2c9a9c]" started-at="2025-12-19T19:01:48 IST" name="selectIndiaCheckBox" finished-at="2025-12-19T19:01:48 IST" duration-ms="201" status="PASS">
          <reporter-output>
          </reporter-output>
        </test-method> <!-- selectIndiaCheckBox -->
      </class> <!-- com.cosmocode.io.Cosmocode_Demo -->
    </test> <!-- Default test -->
  </suite> <!-- Default suite -->
</testng-results>
